<?xml version="1.0" encoding="UTF-8"?>
<testsuite name="mx.utng.s29.Ejercicio1Tests" tests="1" skipped="0" failures="0" errors="0" timestamp="2024-04-04T21:35:54" hostname="LEO" time="0.014">
  <properties/>
  <testcase name="Suma dos cadenas convertidas a enteros" classname="mx.utng.s29.Ejercicio1Tests" time="0.014"/>
  <system-out><![CDATA[]]></system-out>
  <system-err><![CDATA[]]></system-err>
</testsuite>
